<?xml version="1.0" encoding="utf-8"?><testsuites><testsuite name="pytest" errors="1" failures="0" skipped="0" tests="1" time="0.127" timestamp="2022-05-30T22:21:45.713055" hostname="Jesus-Ruiz-MacBook-Pro.local"><testcase classname="" name="tests.test_pokemon.test_pokemon" time="0.000"><error message="collection failure">ImportError while importing test module '/Users/jesus.ruiz/PycharmProjects/pythonRestApiTestProject/tests/test_pokemon/test_pokemon.py'.
Hint: make sure your test modules/packages have valid Python names.
Traceback:
/usr/local/Cellar/python@3.9/3.9.10/Frameworks/Python.framework/Versions/3.9/lib/python3.9/importlib/__init__.py:127: in import_module
    return _bootstrap._gcd_import(name[level:], package, level)
tests/test_pokemon/test_pokemon.py:4: in &lt;module&gt;
    from common.api.PokemonEndpoints import PokemonEndpoints
E   ModuleNotFoundError: No module named 'common'</error></testcase></testsuite></testsuites>