<?xml version="1.0" encoding="utf-8"?><testsuites><testsuite name="pytest" errors="0" failures="0" skipped="2" tests="13" time="0.074" timestamp="2022-05-30T23:33:27.031981" hostname="Jesus-Ruiz-MacBook-Pro.local"><testcase classname="tests.test_math" name="test_one_plus_one" time="0.001" /><testcase classname="tests.test_math" name="test_one_plus_one_wrong" time="0.000" /><testcase classname="tests.test_math" name="test_divide_by_zero" time="0.000" /><testcase classname="tests.test_math" name="test_multiply_two_positive_integers[2-3-6]" time="0.000" /><testcase classname="tests.test_math" name="test_multiply_two_positive_integers[1-3-3]" time="0.000" /><testcase classname="tests.test_math" name="test_multiply_two_positive_integers[0-3-0]" time="0.000" /><testcase classname="tests.test_math" name="test_multiply_two_positive_integers[-1-3--3]" time="0.000" /><testcase classname="tests.test_math" name="test_multiply_two_positive_integers[-1--3-3]" time="0.000" /><testcase classname="tests.test_math" name="test_multiply_two_positive_integers[2.5-6.7-16.75]" time="0.001" /><testcase classname="tests.test_math" name="test_test_skipped" time="0.000"><skipped type="pytest.skip" message="skipping test">/Users/jesus.ruiz/PycharmProjects/pythonRestApiTestProject/tests/test_math.py:68: skipping test</skipped></testcase><testcase classname="tests.test_math" name="test_test_conditionally_skipped" time="0.000"><skipped type="pytest.skip" message="skipping test when a &gt; 100">/Users/jesus.ruiz/PycharmProjects/pythonRestApiTestProject/tests/test_math.py:74: skipping test when a &gt; 100</skipped></testcase><testcase classname="tests.test_math" name="test_test_with_tag" time="0.000" /><testcase classname="tests.test_pokemon.test_pokemon" name="test_validate_pokemon_data" time="0.002" /></testsuite></testsuites>